2011-10-06 19:53:43,165 [main] INFO WebClosure - Dereferencing URI <http://dbpedia.org/resource/Micropogonias_undulatus>
2011-10-06 19:58:02,729 [main] INFO WebClosure - Dereferencing URI <http://dbpedia.org/resource/Atlantic_croaker>
2011-10-06 19:59:40,633 [main] INFO WebClosure - Dereferencing URI <http://en.wikipedia.org/wiki/Micropogonias_undulatus>
2011-10-06 19:59:41,194 [main] INFO WebClosure - Failed to dereference URI <http://en.wikipedia.org/wiki/Micropogonias_undulatus>: BadMediaType
2011-10-06 20:23:16,571 [main] INFO WebClosure - Dereferencing URI <http://dbpedia.org/resource/Micropogonias_undulatus>
2011-10-06 20:23:17,662 [main] INFO WebClosure - Dereferencing URI <http://dbpedia.org/resource/Atlantic_croaker>
2011-10-06 20:45:58,818 [main] INFO WebClosure - Dereferencing URI <http://dbpedia.org/resource/Micropogonias_undulatus>
2011-10-06 20:46:00,459 [main] INFO WebClosure - Dereferencing URI <http://dbpedia.org/resource/Atlantic_croaker>
2011-10-06 20:56:03,200 [main] INFO WebClosure - Dereferencing URI <http://dbpedia.org/resource/Micropogonias_undulatus>
2011-10-06 20:56:04,045 [main] INFO WebClosure - Dereferencing URI <http://dbpedia.org/resource/Atlantic_croaker>
2011-10-06 21:28:18,984 [main] INFO WebClosure - Dereferencing URI <http://dbpedia.org/resource/Squilla_empusa>
2011-10-06 21:30:49,376 [main] INFO WebClosure - Dereferencing URI <http://dbpedia.org/resource/Cynoscion_arenarius>
2011-10-06 21:32:20,210 [main] INFO WebClosure - Dereferencing URI <http://dbpedia.org/resource/Polydactylus_octonemus>
2011-10-06 21:32:20,804 [main] INFO WebClosure - Dereferencing URI <http://dbpedia.org/resource/Atlantic_threadfin>
2011-10-06 21:46:08,328 [main] INFO WebClosure - Dereferencing URI <http://rdf.freebase.com/ns/en.polydactylus_octonemus>
2011-10-06 21:46:59,965 [main] INFO WebClosure - Dereferencing URI <http://rdf.freebase.com/ns/common.topic>
2011-10-06 21:47:01,125 [main] INFO WebClosure - Dereferencing URI <http://www.freebase.com/view/en/polydactylus_octonemus>
2011-10-06 21:47:01,842 [main] INFO WebClosure - Failed to dereference URI <http://www.freebase.com/view/en/polydactylus_octonemus>: BadMediaType
2011-10-06 21:47:01,842 [main] INFO WebClosure - Dereferencing URI <http://creativecommons.org/licenses/by/3.0/>
2011-10-06 21:47:02,286 [main] INFO WebClosure - Failed to dereference URI <http://creativecommons.org/licenses/by/3.0/>: BadMediaType
2011-10-06 21:55:38,539 [main] INFO WebClosure - Dereferencing URI <http://dbpedia.org/resource/Micropogonias_undulatus>
2011-10-06 21:55:39,668 [main] INFO WebClosure - Dereferencing URI <http://dbpedia.org/resource/Atlantic_croaker>
2011-10-06 21:56:45,417 [main] INFO WebClosure - Dereferencing URI <http://dbpedia.org/resource/Leiostomus_xanthurus>
2011-10-06 21:56:46,013 [main] INFO WebClosure - Dereferencing URI <http://dbpedia.org/resource/Spot_croaker>
2011-10-06 22:08:19,634 [main] INFO WebClosure - Dereferencing URI <http://dbpedia.org/resource/Acanthocarpus_alexandri>
2011-10-06 22:11:08,397 [main] INFO WebClosure - Dereferencing URI <http://dbpedia.org/resource/Micropogonias_undulatus>
2011-10-06 22:11:08,966 [main] INFO WebClosure - Dereferencing URI <http://dbpedia.org/resource/Atlantic_croaker>
2011-10-06 22:11:55,913 [main] INFO WebClosure - Dereferencing URI <http://dbpedia.org/resource/Serolis_mgrayi>
2011-10-06 22:12:30,010 [main] INFO WebClosure - Dereferencing URI <http://dbpedia.org/resource/Sicyonia_burkenroadi>
2011-10-06 22:13:16,327 [main] INFO WebClosure - Dereferencing URI <http://dbpedia.org/resource/Sicyonia_burkenroadi>
2011-10-06 22:14:17,648 [main] INFO WebClosure - Dereferencing URI <http://dbpedia.org/resource/Acanthosquilla_biminiensis>
2011-10-06 22:15:36,569 [main] INFO WebClosure - Dereferencing URI <http://dbpedia.org/resource/Acanthosquilla>
2011-10-06 22:16:30,567 [main] INFO WebClosure - Dereferencing URI <http://dbpedia.org/resource/Thalassoplax_angusta>
